<?xml version="1.0" encoding="UTF-8" ?>
<testsuite tests="6" failures="0" name="Test" time="0.37" errors="6" skipped="0">
    <properties>
[...]
</properties>
    <testcase classname="Test" name="testStuClass" time="0.272">
        <error message="Error creating bean with name &apos;studentSchool&apos; defined in class path resource [Beans.xml]: Cannot resolve reference to bean &apos;school&apos; while setting bean property &apos;school&apos;; nested exception is org.springframework.beans.factory.NoSuchBeanDefinitionException: No bean named &apos;school&apos; available"
               type="org.springframework.beans.factory.BeanCreationException">
            org.springframework.beans.factory.BeanCreationException: Error creating bean with name &apos;studentSchool&apos;
            defined in class path resource [Beans.xml]: Cannot resolve reference to bean &apos;school&apos; while
            setting bean property &apos;school&apos;; nested exception is
            org.springframework.beans.factory.NoSuchBeanDefinitionException: No bean named &apos;school&apos; available
            at
            org.springframework.beans.factory.support.BeanDefinitionValueResolver.resolveReference(BeanDefinitionValueResolver.java:342)
            at
            org.springframework.beans.factory.support.BeanDefinitionValueResolver.resolveValueIfNecessary(BeanDefinitionValueResolver.java:113)
            at
            org.springframework.beans.factory.support.AbstractAutowireCapableBeanFactory.applyPropertyValues(AbstractAutowireCapableBeanFactory.java:1699)
            at
            org.springframework.beans.factory.support.AbstractAutowireCapableBeanFactory.populateBean(AbstractAutowireCapableBeanFactory.java:1444)
            at
            org.springframework.beans.factory.support.AbstractAutowireCapableBeanFactory.doCreateBean(AbstractAutowireCapableBeanFactory.java:594)
            at
            org.springframework.beans.factory.support.AbstractAutowireCapableBeanFactory.createBean(AbstractAutowireCapableBeanFactory.java:517)
            at
            org.springframework.beans.factory.support.AbstractBeanFactory.lambda$doGetBean$0(AbstractBeanFactory.java:323)
            at
            org.springframework.beans.factory.support.DefaultSingletonBeanRegistry.getSingleton(DefaultSingletonBeanRegistry.java:222)
            at org.springframework.beans.factory.support.AbstractBeanFactory.doGetBean(AbstractBeanFactory.java:321)
            at org.springframework.beans.factory.support.AbstractBeanFactory.getBean(AbstractBeanFactory.java:202)
            at
            org.springframework.beans.factory.support.DefaultListableBeanFactory.preInstantiateSingletons(DefaultListableBeanFactory.java:882)
            at
            org.springframework.context.support.AbstractApplicationContext.finishBeanFactoryInitialization(AbstractApplicationContext.java:878)
            at
            org.springframework.context.support.AbstractApplicationContext.refresh(AbstractApplicationContext.java:550)
            at org.springframework.context.support.ClassPathXmlApplicationContext.&lt;init&gt;(ClassPathXmlApplicationContext.java:144)
            at org.springframework.context.support.ClassPathXmlApplicationContext.&lt;init&gt;(ClassPathXmlApplicationContext.java:85)
            at Test.testStuClass(Test.java:34)
            at sun.reflect.NativeMethodAccessorImpl.invoke0(Native Method)
            at sun.reflect.NativeMethodAccessorImpl.invoke(NativeMethodAccessorImpl.java:62)
            at sun.reflect.DelegatingMethodAccessorImpl.invoke(DelegatingMethodAccessorImpl.java:43)
            at java.lang.reflect.Method.invoke(Method.java:498)
            at org.junit.runners.model.FrameworkMethod$1.runReflectiveCall(FrameworkMethod.java:47)
            at org.junit.internal.runners.model.ReflectiveCallable.run(ReflectiveCallable.java:12)
            at org.junit.runners.model.FrameworkMethod.invokeExplosively(FrameworkMethod.java:44)
            at org.junit.internal.runners.statements.InvokeMethod.evaluate(InvokeMethod.java:17)
            at org.junit.runners.ParentRunner.runLeaf(ParentRunner.java:271)
            at org.junit.runners.BlockJUnit4ClassRunner.runChild(BlockJUnit4ClassRunner.java:70)
            at org.junit.runners.BlockJUnit4ClassRunner.runChild(BlockJUnit4ClassRunner.java:50)
            at org.junit.runners.ParentRunner$3.run(ParentRunner.java:238)
            at org.junit.runners.ParentRunner$1.schedule(ParentRunner.java:63)
            at org.junit.runners.ParentRunner.runChildren(ParentRunner.java:236)
            at org.junit.runners.ParentRunner.access$000(ParentRunner.java:53)
            at org.junit.runners.ParentRunner$2.evaluate(ParentRunner.java:229)
            at org.junit.runners.ParentRunner.run(ParentRunner.java:309)
            at org.apache.maven.surefire.junit4.JUnit4Provider.execute(JUnit4Provider.java:252)
            at org.apache.maven.surefire.junit4.JUnit4Provider.executeTestSet(JUnit4Provider.java:141)
            at org.apache.maven.surefire.junit4.JUnit4Provider.invoke(JUnit4Provider.java:112)
            at sun.reflect.NativeMethodAccessorImpl.invoke0(Native Method)
            at sun.reflect.NativeMethodAccessorImpl.invoke(NativeMethodAccessorImpl.java:62)
            at sun.reflect.DelegatingMethodAccessorImpl.invoke(DelegatingMethodAccessorImpl.java:43)
            at java.lang.reflect.Method.invoke(Method.java:498)
            at org.apache.maven.surefire.util.ReflectionUtils.invokeMethodWithArray(ReflectionUtils.java:189)
            at org.apache.maven.surefire.booter.ProviderFactory$ProviderProxy.invoke(ProviderFactory.java:165)
            at org.apache.maven.surefire.booter.ProviderFactory.invokeProvider(ProviderFactory.java:85)
            at org.apache.maven.surefire.booter.ForkedBooter.runSuitesInProcess(ForkedBooter.java:115)
            at org.apache.maven.surefire.booter.ForkedBooter.main(ForkedBooter.java:75)
            Caused by: org.springframework.beans.factory.NoSuchBeanDefinitionException: No bean named &apos;school&apos;
            available
            at
            org.springframework.beans.factory.support.DefaultListableBeanFactory.getBeanDefinition(DefaultListableBeanFactory.java:808)
            at
            org.springframework.beans.factory.support.AbstractBeanFactory.getMergedLocalBeanDefinition(AbstractBeanFactory.java:1279)
            at org.springframework.beans.factory.support.AbstractBeanFactory.doGetBean(AbstractBeanFactory.java:297)
            at org.springframework.beans.factory.support.AbstractBeanFactory.getBean(AbstractBeanFactory.java:202)
            at
            org.springframework.beans.factory.support.BeanDefinitionValueResolver.resolveReference(BeanDefinitionValueResolver.java:330)
            ... 44 more
        </error>
        <system-err>���� 31, 2021 8:46:07 ���� org.springframework.context.support.AbstractApplicationContext refresh
            ����: Exception encountered during context initialization - cancelling refresh attempt:
            org.springframework.beans.factory.BeanCreationException: Error creating bean with name &apos;studentSchool&apos;
            defined in class path resource [Beans.xml]: Cannot resolve reference to bean &apos;school&apos; while
            setting bean property &apos;school&apos;; nested exception is
            org.springframework.beans.factory.NoSuchBeanDefinitionException: No bean named &apos;school&apos; available
        </system-err>
    </testcase>
    <testcase classname="Test" name="testOne" time="0.016">
        <error message="Error creating bean with name &apos;studentSchool&apos; defined in class path resource [Beans.xml]: Cannot resolve reference to bean &apos;school&apos; while setting bean property &apos;school&apos;; nested exception is org.springframework.beans.factory.NoSuchBeanDefinitionException: No bean named &apos;school&apos; available"
               type="org.springframework.beans.factory.BeanCreationException">
            org.springframework.beans.factory.BeanCreationException: Error creating bean with name &apos;studentSchool&apos;
            defined in class path resource [Beans.xml]: Cannot resolve reference to bean &apos;school&apos; while
            setting bean property &apos;school&apos;; nested exception is
            org.springframework.beans.factory.NoSuchBeanDefinitionException: No bean named &apos;school&apos; available
            at
            org.springframework.beans.factory.support.BeanDefinitionValueResolver.resolveReference(BeanDefinitionValueResolver.java:342)
            at
            org.springframework.beans.factory.support.BeanDefinitionValueResolver.resolveValueIfNecessary(BeanDefinitionValueResolver.java:113)
            at
            org.springframework.beans.factory.support.AbstractAutowireCapableBeanFactory.applyPropertyValues(AbstractAutowireCapableBeanFactory.java:1699)
            at
            org.springframework.beans.factory.support.AbstractAutowireCapableBeanFactory.populateBean(AbstractAutowireCapableBeanFactory.java:1444)
            at
            org.springframework.beans.factory.support.AbstractAutowireCapableBeanFactory.doCreateBean(AbstractAutowireCapableBeanFactory.java:594)
            at
            org.springframework.beans.factory.support.AbstractAutowireCapableBeanFactory.createBean(AbstractAutowireCapableBeanFactory.java:517)
            at
            org.springframework.beans.factory.support.AbstractBeanFactory.lambda$doGetBean$0(AbstractBeanFactory.java:323)
            at
            org.springframework.beans.factory.support.DefaultSingletonBeanRegistry.getSingleton(DefaultSingletonBeanRegistry.java:222)
            at org.springframework.beans.factory.support.AbstractBeanFactory.doGetBean(AbstractBeanFactory.java:321)
            at org.springframework.beans.factory.support.AbstractBeanFactory.getBean(AbstractBeanFactory.java:202)
            at
            org.springframework.beans.factory.support.DefaultListableBeanFactory.preInstantiateSingletons(DefaultListableBeanFactory.java:882)
            at
            org.springframework.context.support.AbstractApplicationContext.finishBeanFactoryInitialization(AbstractApplicationContext.java:878)
            at
            org.springframework.context.support.AbstractApplicationContext.refresh(AbstractApplicationContext.java:550)
            at org.springframework.context.support.ClassPathXmlApplicationContext.&lt;init&gt;(ClassPathXmlApplicationContext.java:144)
            at org.springframework.context.support.ClassPathXmlApplicationContext.&lt;init&gt;(ClassPathXmlApplicationContext.java:85)
            at Test.testOne(Test.java:12)
            at sun.reflect.NativeMethodAccessorImpl.invoke0(Native Method)
            at sun.reflect.NativeMethodAccessorImpl.invoke(NativeMethodAccessorImpl.java:62)
            at sun.reflect.DelegatingMethodAccessorImpl.invoke(DelegatingMethodAccessorImpl.java:43)
            at java.lang.reflect.Method.invoke(Method.java:498)
            at org.junit.runners.model.FrameworkMethod$1.runReflectiveCall(FrameworkMethod.java:47)
            at org.junit.internal.runners.model.ReflectiveCallable.run(ReflectiveCallable.java:12)
            at org.junit.runners.model.FrameworkMethod.invokeExplosively(FrameworkMethod.java:44)
            at org.junit.internal.runners.statements.InvokeMethod.evaluate(InvokeMethod.java:17)
            at org.junit.runners.ParentRunner.runLeaf(ParentRunner.java:271)
            at org.junit.runners.BlockJUnit4ClassRunner.runChild(BlockJUnit4ClassRunner.java:70)
            at org.junit.runners.BlockJUnit4ClassRunner.runChild(BlockJUnit4ClassRunner.java:50)
            at org.junit.runners.ParentRunner$3.run(ParentRunner.java:238)
            at org.junit.runners.ParentRunner$1.schedule(ParentRunner.java:63)
            at org.junit.runners.ParentRunner.runChildren(ParentRunner.java:236)
            at org.junit.runners.ParentRunner.access$000(ParentRunner.java:53)
            at org.junit.runners.ParentRunner$2.evaluate(ParentRunner.java:229)
            at org.junit.runners.ParentRunner.run(ParentRunner.java:309)
            at org.apache.maven.surefire.junit4.JUnit4Provider.execute(JUnit4Provider.java:252)
            at org.apache.maven.surefire.junit4.JUnit4Provider.executeTestSet(JUnit4Provider.java:141)
            at org.apache.maven.surefire.junit4.JUnit4Provider.invoke(JUnit4Provider.java:112)
            at sun.reflect.NativeMethodAccessorImpl.invoke0(Native Method)
            at sun.reflect.NativeMethodAccessorImpl.invoke(NativeMethodAccessorImpl.java:62)
            at sun.reflect.DelegatingMethodAccessorImpl.invoke(DelegatingMethodAccessorImpl.java:43)
            at java.lang.reflect.Method.invoke(Method.java:498)
            at org.apache.maven.surefire.util.ReflectionUtils.invokeMethodWithArray(ReflectionUtils.java:189)
            at org.apache.maven.surefire.booter.ProviderFactory$ProviderProxy.invoke(ProviderFactory.java:165)
            at org.apache.maven.surefire.booter.ProviderFactory.invokeProvider(ProviderFactory.java:85)
            at org.apache.maven.surefire.booter.ForkedBooter.runSuitesInProcess(ForkedBooter.java:115)
            at org.apache.maven.surefire.booter.ForkedBooter.main(ForkedBooter.java:75)
            Caused by: org.springframework.beans.factory.NoSuchBeanDefinitionException: No bean named &apos;school&apos;
            available
            at
            org.springframework.beans.factory.support.DefaultListableBeanFactory.getBeanDefinition(DefaultListableBeanFactory.java:808)
            at
            org.springframework.beans.factory.support.AbstractBeanFactory.getMergedLocalBeanDefinition(AbstractBeanFactory.java:1279)
            at org.springframework.beans.factory.support.AbstractBeanFactory.doGetBean(AbstractBeanFactory.java:297)
            at org.springframework.beans.factory.support.AbstractBeanFactory.getBean(AbstractBeanFactory.java:202)
            at
            org.springframework.beans.factory.support.BeanDefinitionValueResolver.resolveReference(BeanDefinitionValueResolver.java:330)
            ... 44 more
        </error>
        <system-err>���� 31, 2021 8:46:08 ���� org.springframework.context.support.AbstractApplicationContext refresh
            ����: Exception encountered during context initialization - cancelling refresh attempt:
            org.springframework.beans.factory.BeanCreationException: Error creating bean with name &apos;studentSchool&apos;
            defined in class path resource [Beans.xml]: Cannot resolve reference to bean &apos;school&apos; while
            setting bean property &apos;school&apos;; nested exception is
            org.springframework.beans.factory.NoSuchBeanDefinitionException: No bean named &apos;school&apos; available
        </system-err>
    </testcase>
    <testcase classname="Test" name="testBooks" time="0.015">
        <error message="Error creating bean with name &apos;studentSchool&apos; defined in class path resource [Beans.xml]: Cannot resolve reference to bean &apos;school&apos; while setting bean property &apos;school&apos;; nested exception is org.springframework.beans.factory.NoSuchBeanDefinitionException: No bean named &apos;school&apos; available"
               type="org.springframework.beans.factory.BeanCreationException">
            org.springframework.beans.factory.BeanCreationException: Error creating bean with name &apos;studentSchool&apos;
            defined in class path resource [Beans.xml]: Cannot resolve reference to bean &apos;school&apos; while
            setting bean property &apos;school&apos;; nested exception is
            org.springframework.beans.factory.NoSuchBeanDefinitionException: No bean named &apos;school&apos; available
            at
            org.springframework.beans.factory.support.BeanDefinitionValueResolver.resolveReference(BeanDefinitionValueResolver.java:342)
            at
            org.springframework.beans.factory.support.BeanDefinitionValueResolver.resolveValueIfNecessary(BeanDefinitionValueResolver.java:113)
            at
            org.springframework.beans.factory.support.AbstractAutowireCapableBeanFactory.applyPropertyValues(AbstractAutowireCapableBeanFactory.java:1699)
            at
            org.springframework.beans.factory.support.AbstractAutowireCapableBeanFactory.populateBean(AbstractAutowireCapableBeanFactory.java:1444)
            at
            org.springframework.beans.factory.support.AbstractAutowireCapableBeanFactory.doCreateBean(AbstractAutowireCapableBeanFactory.java:594)
            at
            org.springframework.beans.factory.support.AbstractAutowireCapableBeanFactory.createBean(AbstractAutowireCapableBeanFactory.java:517)
            at
            org.springframework.beans.factory.support.AbstractBeanFactory.lambda$doGetBean$0(AbstractBeanFactory.java:323)
            at
            org.springframework.beans.factory.support.DefaultSingletonBeanRegistry.getSingleton(DefaultSingletonBeanRegistry.java:222)
            at org.springframework.beans.factory.support.AbstractBeanFactory.doGetBean(AbstractBeanFactory.java:321)
            at org.springframework.beans.factory.support.AbstractBeanFactory.getBean(AbstractBeanFactory.java:202)
            at
            org.springframework.beans.factory.support.DefaultListableBeanFactory.preInstantiateSingletons(DefaultListableBeanFactory.java:882)
            at
            org.springframework.context.support.AbstractApplicationContext.finishBeanFactoryInitialization(AbstractApplicationContext.java:878)
            at
            org.springframework.context.support.AbstractApplicationContext.refresh(AbstractApplicationContext.java:550)
            at org.springframework.context.support.ClassPathXmlApplicationContext.&lt;init&gt;(ClassPathXmlApplicationContext.java:144)
            at org.springframework.context.support.ClassPathXmlApplicationContext.&lt;init&gt;(ClassPathXmlApplicationContext.java:85)
            at Test.testBooks(Test.java:54)
            at sun.reflect.NativeMethodAccessorImpl.invoke0(Native Method)
            at sun.reflect.NativeMethodAccessorImpl.invoke(NativeMethodAccessorImpl.java:62)
            at sun.reflect.DelegatingMethodAccessorImpl.invoke(DelegatingMethodAccessorImpl.java:43)
            at java.lang.reflect.Method.invoke(Method.java:498)
            at org.junit.runners.model.FrameworkMethod$1.runReflectiveCall(FrameworkMethod.java:47)
            at org.junit.internal.runners.model.ReflectiveCallable.run(ReflectiveCallable.java:12)
            at org.junit.runners.model.FrameworkMethod.invokeExplosively(FrameworkMethod.java:44)
            at org.junit.internal.runners.statements.InvokeMethod.evaluate(InvokeMethod.java:17)
            at org.junit.runners.ParentRunner.runLeaf(ParentRunner.java:271)
            at org.junit.runners.BlockJUnit4ClassRunner.runChild(BlockJUnit4ClassRunner.java:70)
            at org.junit.runners.BlockJUnit4ClassRunner.runChild(BlockJUnit4ClassRunner.java:50)
            at org.junit.runners.ParentRunner$3.run(ParentRunner.java:238)
            at org.junit.runners.ParentRunner$1.schedule(ParentRunner.java:63)
            at org.junit.runners.ParentRunner.runChildren(ParentRunner.java:236)
            at org.junit.runners.ParentRunner.access$000(ParentRunner.java:53)
            at org.junit.runners.ParentRunner$2.evaluate(ParentRunner.java:229)
            at org.junit.runners.ParentRunner.run(ParentRunner.java:309)
            at org.apache.maven.surefire.junit4.JUnit4Provider.execute(JUnit4Provider.java:252)
            at org.apache.maven.surefire.junit4.JUnit4Provider.executeTestSet(JUnit4Provider.java:141)
            at org.apache.maven.surefire.junit4.JUnit4Provider.invoke(JUnit4Provider.java:112)
            at sun.reflect.NativeMethodAccessorImpl.invoke0(Native Method)
            at sun.reflect.NativeMethodAccessorImpl.invoke(NativeMethodAccessorImpl.java:62)
            at sun.reflect.DelegatingMethodAccessorImpl.invoke(DelegatingMethodAccessorImpl.java:43)
            at java.lang.reflect.Method.invoke(Method.java:498)
            at org.apache.maven.surefire.util.ReflectionUtils.invokeMethodWithArray(ReflectionUtils.java:189)
            at org.apache.maven.surefire.booter.ProviderFactory$ProviderProxy.invoke(ProviderFactory.java:165)
            at org.apache.maven.surefire.booter.ProviderFactory.invokeProvider(ProviderFactory.java:85)
            at org.apache.maven.surefire.booter.ForkedBooter.runSuitesInProcess(ForkedBooter.java:115)
            at org.apache.maven.surefire.booter.ForkedBooter.main(ForkedBooter.java:75)
            Caused by: org.springframework.beans.factory.NoSuchBeanDefinitionException: No bean named &apos;school&apos;
            available
            at
            org.springframework.beans.factory.support.DefaultListableBeanFactory.getBeanDefinition(DefaultListableBeanFactory.java:808)
            at
            org.springframework.beans.factory.support.AbstractBeanFactory.getMergedLocalBeanDefinition(AbstractBeanFactory.java:1279)
            at org.springframework.beans.factory.support.AbstractBeanFactory.doGetBean(AbstractBeanFactory.java:297)
            at org.springframework.beans.factory.support.AbstractBeanFactory.getBean(AbstractBeanFactory.java:202)
            at
            org.springframework.beans.factory.support.BeanDefinitionValueResolver.resolveReference(BeanDefinitionValueResolver.java:330)
            ... 44 more
        </error>
        <system-err>���� 31, 2021 8:46:08 ���� org.springframework.context.support.AbstractApplicationContext refresh
            ����: Exception encountered during context initialization - cancelling refresh attempt:
            org.springframework.beans.factory.BeanCreationException: Error creating bean with name &apos;studentSchool&apos;
            defined in class path resource [Beans.xml]: Cannot resolve reference to bean &apos;school&apos; while
            setting bean property &apos;school&apos;; nested exception is
            org.springframework.beans.factory.NoSuchBeanDefinitionException: No bean named &apos;school&apos; available
        </system-err>
    </testcase>
    <testcase classname="Test" name="testModel" time="0.042">
        <error message="Error creating bean with name &apos;book&apos; defined in URL [file:/D:/workspace/framework/spring/Demo-Two/target/classes/SBook.xml]: Unsatisfied dependency expressed through bean property &apos;school&apos;; nested exception is org.springframework.beans.factory.BeanCreationException: Error creating bean with name &apos;school&apos; defined in URL [file:/D:/workspace/framework/spring/Demo-Two/target/classes/School.xml]: Error setting property values; nested exception is org.springframework.beans.NotWritablePropertyException: Invalid property &apos;schoolName &apos; of bean class [entity.School]: Bean property &apos;schoolName &apos; is not writable or has an invalid setter method. Did you mean &apos;schoolName&apos;?"
               type="org.springframework.beans.factory.UnsatisfiedDependencyException">
            org.springframework.beans.factory.UnsatisfiedDependencyException: Error creating bean with name &apos;book&apos;
            defined in URL [file:/D:/workspace/framework/spring/Demo-Two/target/classes/SBook.xml]: Unsatisfied
            dependency expressed through bean property &apos;school&apos;; nested exception is
            org.springframework.beans.factory.BeanCreationException: Error creating bean with name &apos;school&apos;
            defined in URL [file:/D:/workspace/framework/spring/Demo-Two/target/classes/School.xml]: Error setting
            property values; nested exception is org.springframework.beans.NotWritablePropertyException: Invalid
            property &apos;schoolName &apos; of bean class [entity.School]: Bean property &apos;schoolName &apos; is not
            writable or has an invalid setter method. Did you mean &apos;schoolName&apos;?
            at
            org.springframework.beans.factory.support.AbstractAutowireCapableBeanFactory.autowireByType(AbstractAutowireCapableBeanFactory.java:1526)
            at
            org.springframework.beans.factory.support.AbstractAutowireCapableBeanFactory.populateBean(AbstractAutowireCapableBeanFactory.java:1406)
            at
            org.springframework.beans.factory.support.AbstractAutowireCapableBeanFactory.doCreateBean(AbstractAutowireCapableBeanFactory.java:594)
            at
            org.springframework.beans.factory.support.AbstractAutowireCapableBeanFactory.createBean(AbstractAutowireCapableBeanFactory.java:517)
            at
            org.springframework.beans.factory.support.AbstractBeanFactory.lambda$doGetBean$0(AbstractBeanFactory.java:323)
            at
            org.springframework.beans.factory.support.DefaultSingletonBeanRegistry.getSingleton(DefaultSingletonBeanRegistry.java:222)
            at org.springframework.beans.factory.support.AbstractBeanFactory.doGetBean(AbstractBeanFactory.java:321)
            at org.springframework.beans.factory.support.AbstractBeanFactory.getBean(AbstractBeanFactory.java:202)
            at
            org.springframework.beans.factory.support.DefaultListableBeanFactory.preInstantiateSingletons(DefaultListableBeanFactory.java:882)
            at
            org.springframework.context.support.AbstractApplicationContext.finishBeanFactoryInitialization(AbstractApplicationContext.java:878)
            at
            org.springframework.context.support.AbstractApplicationContext.refresh(AbstractApplicationContext.java:550)
            at org.springframework.context.support.ClassPathXmlApplicationContext.&lt;init&gt;(ClassPathXmlApplicationContext.java:144)
            at org.springframework.context.support.ClassPathXmlApplicationContext.&lt;init&gt;(ClassPathXmlApplicationContext.java:85)
            at Test.testModel(Test.java:61)
            at sun.reflect.NativeMethodAccessorImpl.invoke0(Native Method)
            at sun.reflect.NativeMethodAccessorImpl.invoke(NativeMethodAccessorImpl.java:62)
            at sun.reflect.DelegatingMethodAccessorImpl.invoke(DelegatingMethodAccessorImpl.java:43)
            at java.lang.reflect.Method.invoke(Method.java:498)
            at org.junit.runners.model.FrameworkMethod$1.runReflectiveCall(FrameworkMethod.java:47)
            at org.junit.internal.runners.model.ReflectiveCallable.run(ReflectiveCallable.java:12)
            at org.junit.runners.model.FrameworkMethod.invokeExplosively(FrameworkMethod.java:44)
            at org.junit.internal.runners.statements.InvokeMethod.evaluate(InvokeMethod.java:17)
            at org.junit.runners.ParentRunner.runLeaf(ParentRunner.java:271)
            at org.junit.runners.BlockJUnit4ClassRunner.runChild(BlockJUnit4ClassRunner.java:70)
            at org.junit.runners.BlockJUnit4ClassRunner.runChild(BlockJUnit4ClassRunner.java:50)
            at org.junit.runners.ParentRunner$3.run(ParentRunner.java:238)
            at org.junit.runners.ParentRunner$1.schedule(ParentRunner.java:63)
            at org.junit.runners.ParentRunner.runChildren(ParentRunner.java:236)
            at org.junit.runners.ParentRunner.access$000(ParentRunner.java:53)
            at org.junit.runners.ParentRunner$2.evaluate(ParentRunner.java:229)
            at org.junit.runners.ParentRunner.run(ParentRunner.java:309)
            at org.apache.maven.surefire.junit4.JUnit4Provider.execute(JUnit4Provider.java:252)
            at org.apache.maven.surefire.junit4.JUnit4Provider.executeTestSet(JUnit4Provider.java:141)
            at org.apache.maven.surefire.junit4.JUnit4Provider.invoke(JUnit4Provider.java:112)
            at sun.reflect.NativeMethodAccessorImpl.invoke0(Native Method)
            at sun.reflect.NativeMethodAccessorImpl.invoke(NativeMethodAccessorImpl.java:62)
            at sun.reflect.DelegatingMethodAccessorImpl.invoke(DelegatingMethodAccessorImpl.java:43)
            at java.lang.reflect.Method.invoke(Method.java:498)
            at org.apache.maven.surefire.util.ReflectionUtils.invokeMethodWithArray(ReflectionUtils.java:189)
            at org.apache.maven.surefire.booter.ProviderFactory$ProviderProxy.invoke(ProviderFactory.java:165)
            at org.apache.maven.surefire.booter.ProviderFactory.invokeProvider(ProviderFactory.java:85)
            at org.apache.maven.surefire.booter.ForkedBooter.runSuitesInProcess(ForkedBooter.java:115)
            at org.apache.maven.surefire.booter.ForkedBooter.main(ForkedBooter.java:75)
            Caused by: org.springframework.beans.factory.BeanCreationException: Error creating bean with name &apos;school&apos;
            defined in URL [file:/D:/workspace/framework/spring/Demo-Two/target/classes/School.xml]: Error setting
            property values; nested exception is org.springframework.beans.NotWritablePropertyException: Invalid
            property &apos;schoolName &apos; of bean class [entity.School]: Bean property &apos;schoolName &apos; is not
            writable or has an invalid setter method. Did you mean &apos;schoolName&apos;?
            at
            org.springframework.beans.factory.support.AbstractAutowireCapableBeanFactory.applyPropertyValues(AbstractAutowireCapableBeanFactory.java:1736)
            at
            org.springframework.beans.factory.support.AbstractAutowireCapableBeanFactory.populateBean(AbstractAutowireCapableBeanFactory.java:1444)
            at
            org.springframework.beans.factory.support.AbstractAutowireCapableBeanFactory.doCreateBean(AbstractAutowireCapableBeanFactory.java:594)
            at
            org.springframework.beans.factory.support.AbstractAutowireCapableBeanFactory.createBean(AbstractAutowireCapableBeanFactory.java:517)
            at
            org.springframework.beans.factory.support.AbstractBeanFactory.lambda$doGetBean$0(AbstractBeanFactory.java:323)
            at
            org.springframework.beans.factory.support.DefaultSingletonBeanRegistry.getSingleton(DefaultSingletonBeanRegistry.java:222)
            at org.springframework.beans.factory.support.AbstractBeanFactory.doGetBean(AbstractBeanFactory.java:321)
            at org.springframework.beans.factory.support.AbstractBeanFactory.getBean(AbstractBeanFactory.java:202)
            at
            org.springframework.beans.factory.config.DependencyDescriptor.resolveCandidate(DependencyDescriptor.java:276)
            at
            org.springframework.beans.factory.support.DefaultListableBeanFactory.doResolveDependency(DefaultListableBeanFactory.java:1290)
            at
            org.springframework.beans.factory.support.DefaultListableBeanFactory.resolveDependency(DefaultListableBeanFactory.java:1210)
            at
            org.springframework.beans.factory.support.AbstractAutowireCapableBeanFactory.autowireByType(AbstractAutowireCapableBeanFactory.java:1511)
            ... 42 more
            Caused by: org.springframework.beans.NotWritablePropertyException: Invalid property &apos;schoolName &apos;
            of bean class [entity.School]: Bean property &apos;schoolName &apos; is not writable or has an invalid
            setter method. Did you mean &apos;schoolName&apos;?
            at org.springframework.beans.BeanWrapperImpl.createNotWritablePropertyException(BeanWrapperImpl.java:243)
            at
            org.springframework.beans.AbstractNestablePropertyAccessor.processLocalProperty(AbstractNestablePropertyAccessor.java:426)
            at
            org.springframework.beans.AbstractNestablePropertyAccessor.setPropertyValue(AbstractNestablePropertyAccessor.java:278)
            at
            org.springframework.beans.AbstractNestablePropertyAccessor.setPropertyValue(AbstractNestablePropertyAccessor.java:266)
            at org.springframework.beans.AbstractPropertyAccessor.setPropertyValues(AbstractPropertyAccessor.java:97)
            at org.springframework.beans.AbstractPropertyAccessor.setPropertyValues(AbstractPropertyAccessor.java:77)
            at
            org.springframework.beans.factory.support.AbstractAutowireCapableBeanFactory.applyPropertyValues(AbstractAutowireCapableBeanFactory.java:1732)
            ... 53 more
        </error>
        <system-err>���� 31, 2021 8:46:08 ���� org.springframework.context.support.AbstractApplicationContext refresh
            ����: Exception encountered during context initialization - cancelling refresh attempt:
            org.springframework.beans.factory.UnsatisfiedDependencyException: Error creating bean with name &apos;book&apos;
            defined in URL [file:/D:/workspace/framework/spring/Demo-Two/target/classes/SBook.xml]: Unsatisfied
            dependency expressed through bean property &apos;school&apos;; nested exception is
            org.springframework.beans.factory.BeanCreationException: Error creating bean with name &apos;school&apos;
            defined in URL [file:/D:/workspace/framework/spring/Demo-Two/target/classes/School.xml]: Error setting
            property values; nested exception is org.springframework.beans.NotWritablePropertyException: Invalid
            property &apos;schoolName &apos; of bean class [entity.School]: Bean property &apos;schoolName &apos; is not
            writable or has an invalid setter method. Did you mean &apos;schoolName&apos;?
        </system-err>
    </testcase>
    <testcase classname="Test" name="TestStudentSchool" time="0.013">
        <error message="Error creating bean with name &apos;studentSchool&apos; defined in class path resource [Beans.xml]: Cannot resolve reference to bean &apos;school&apos; while setting bean property &apos;school&apos;; nested exception is org.springframework.beans.factory.NoSuchBeanDefinitionException: No bean named &apos;school&apos; available"
               type="org.springframework.beans.factory.BeanCreationException">
            org.springframework.beans.factory.BeanCreationException: Error creating bean with name &apos;studentSchool&apos;
            defined in class path resource [Beans.xml]: Cannot resolve reference to bean &apos;school&apos; while
            setting bean property &apos;school&apos;; nested exception is
            org.springframework.beans.factory.NoSuchBeanDefinitionException: No bean named &apos;school&apos; available
            at
            org.springframework.beans.factory.support.BeanDefinitionValueResolver.resolveReference(BeanDefinitionValueResolver.java:342)
            at
            org.springframework.beans.factory.support.BeanDefinitionValueResolver.resolveValueIfNecessary(BeanDefinitionValueResolver.java:113)
            at
            org.springframework.beans.factory.support.AbstractAutowireCapableBeanFactory.applyPropertyValues(AbstractAutowireCapableBeanFactory.java:1699)
            at
            org.springframework.beans.factory.support.AbstractAutowireCapableBeanFactory.populateBean(AbstractAutowireCapableBeanFactory.java:1444)
            at
            org.springframework.beans.factory.support.AbstractAutowireCapableBeanFactory.doCreateBean(AbstractAutowireCapableBeanFactory.java:594)
            at
            org.springframework.beans.factory.support.AbstractAutowireCapableBeanFactory.createBean(AbstractAutowireCapableBeanFactory.java:517)
            at
            org.springframework.beans.factory.support.AbstractBeanFactory.lambda$doGetBean$0(AbstractBeanFactory.java:323)
            at
            org.springframework.beans.factory.support.DefaultSingletonBeanRegistry.getSingleton(DefaultSingletonBeanRegistry.java:222)
            at org.springframework.beans.factory.support.AbstractBeanFactory.doGetBean(AbstractBeanFactory.java:321)
            at org.springframework.beans.factory.support.AbstractBeanFactory.getBean(AbstractBeanFactory.java:202)
            at
            org.springframework.beans.factory.support.DefaultListableBeanFactory.preInstantiateSingletons(DefaultListableBeanFactory.java:882)
            at
            org.springframework.context.support.AbstractApplicationContext.finishBeanFactoryInitialization(AbstractApplicationContext.java:878)
            at
            org.springframework.context.support.AbstractApplicationContext.refresh(AbstractApplicationContext.java:550)
            at org.springframework.context.support.ClassPathXmlApplicationContext.&lt;init&gt;(ClassPathXmlApplicationContext.java:144)
            at org.springframework.context.support.ClassPathXmlApplicationContext.&lt;init&gt;(ClassPathXmlApplicationContext.java:85)
            at Test.TestStudentSchool(Test.java:24)
            at sun.reflect.NativeMethodAccessorImpl.invoke0(Native Method)
            at sun.reflect.NativeMethodAccessorImpl.invoke(NativeMethodAccessorImpl.java:62)
            at sun.reflect.DelegatingMethodAccessorImpl.invoke(DelegatingMethodAccessorImpl.java:43)
            at java.lang.reflect.Method.invoke(Method.java:498)
            at org.junit.runners.model.FrameworkMethod$1.runReflectiveCall(FrameworkMethod.java:47)
            at org.junit.internal.runners.model.ReflectiveCallable.run(ReflectiveCallable.java:12)
            at org.junit.runners.model.FrameworkMethod.invokeExplosively(FrameworkMethod.java:44)
            at org.junit.internal.runners.statements.InvokeMethod.evaluate(InvokeMethod.java:17)
            at org.junit.runners.ParentRunner.runLeaf(ParentRunner.java:271)
            at org.junit.runners.BlockJUnit4ClassRunner.runChild(BlockJUnit4ClassRunner.java:70)
            at org.junit.runners.BlockJUnit4ClassRunner.runChild(BlockJUnit4ClassRunner.java:50)
            at org.junit.runners.ParentRunner$3.run(ParentRunner.java:238)
            at org.junit.runners.ParentRunner$1.schedule(ParentRunner.java:63)
            at org.junit.runners.ParentRunner.runChildren(ParentRunner.java:236)
            at org.junit.runners.ParentRunner.access$000(ParentRunner.java:53)
            at org.junit.runners.ParentRunner$2.evaluate(ParentRunner.java:229)
            at org.junit.runners.ParentRunner.run(ParentRunner.java:309)
            at org.apache.maven.surefire.junit4.JUnit4Provider.execute(JUnit4Provider.java:252)
            at org.apache.maven.surefire.junit4.JUnit4Provider.executeTestSet(JUnit4Provider.java:141)
            at org.apache.maven.surefire.junit4.JUnit4Provider.invoke(JUnit4Provider.java:112)
            at sun.reflect.NativeMethodAccessorImpl.invoke0(Native Method)
            at sun.reflect.NativeMethodAccessorImpl.invoke(NativeMethodAccessorImpl.java:62)
            at sun.reflect.DelegatingMethodAccessorImpl.invoke(DelegatingMethodAccessorImpl.java:43)
            at java.lang.reflect.Method.invoke(Method.java:498)
            at org.apache.maven.surefire.util.ReflectionUtils.invokeMethodWithArray(ReflectionUtils.java:189)
            at org.apache.maven.surefire.booter.ProviderFactory$ProviderProxy.invoke(ProviderFactory.java:165)
            at org.apache.maven.surefire.booter.ProviderFactory.invokeProvider(ProviderFactory.java:85)
            at org.apache.maven.surefire.booter.ForkedBooter.runSuitesInProcess(ForkedBooter.java:115)
            at org.apache.maven.surefire.booter.ForkedBooter.main(ForkedBooter.java:75)
            Caused by: org.springframework.beans.factory.NoSuchBeanDefinitionException: No bean named &apos;school&apos;
            available
            at
            org.springframework.beans.factory.support.DefaultListableBeanFactory.getBeanDefinition(DefaultListableBeanFactory.java:808)
            at
            org.springframework.beans.factory.support.AbstractBeanFactory.getMergedLocalBeanDefinition(AbstractBeanFactory.java:1279)
            at org.springframework.beans.factory.support.AbstractBeanFactory.doGetBean(AbstractBeanFactory.java:297)
            at org.springframework.beans.factory.support.AbstractBeanFactory.getBean(AbstractBeanFactory.java:202)
            at
            org.springframework.beans.factory.support.BeanDefinitionValueResolver.resolveReference(BeanDefinitionValueResolver.java:330)
            ... 44 more
        </error>
        <system-err>���� 31, 2021 8:46:08 ���� org.springframework.context.support.AbstractApplicationContext refresh
            ����: Exception encountered during context initialization - cancelling refresh attempt:
            org.springframework.beans.factory.BeanCreationException: Error creating bean with name &apos;studentSchool&apos;
            defined in class path resource [Beans.xml]: Cannot resolve reference to bean &apos;school&apos; while
            setting bean property &apos;school&apos;; nested exception is
            org.springframework.beans.factory.NoSuchBeanDefinitionException: No bean named &apos;school&apos; available
        </system-err>
    </testcase>
    <testcase classname="Test" name="testByName" time="0.012">
        <error message="Error creating bean with name &apos;studentSchool&apos; defined in class path resource [Beans.xml]: Cannot resolve reference to bean &apos;school&apos; while setting bean property &apos;school&apos;; nested exception is org.springframework.beans.factory.NoSuchBeanDefinitionException: No bean named &apos;school&apos; available"
               type="org.springframework.beans.factory.BeanCreationException">
            org.springframework.beans.factory.BeanCreationException: Error creating bean with name &apos;studentSchool&apos;
            defined in class path resource [Beans.xml]: Cannot resolve reference to bean &apos;school&apos; while
            setting bean property &apos;school&apos;; nested exception is
            org.springframework.beans.factory.NoSuchBeanDefinitionException: No bean named &apos;school&apos; available
            at
            org.springframework.beans.factory.support.BeanDefinitionValueResolver.resolveReference(BeanDefinitionValueResolver.java:342)
            at
            org.springframework.beans.factory.support.BeanDefinitionValueResolver.resolveValueIfNecessary(BeanDefinitionValueResolver.java:113)
            at
            org.springframework.beans.factory.support.AbstractAutowireCapableBeanFactory.applyPropertyValues(AbstractAutowireCapableBeanFactory.java:1699)
            at
            org.springframework.beans.factory.support.AbstractAutowireCapableBeanFactory.populateBean(AbstractAutowireCapableBeanFactory.java:1444)
            at
            org.springframework.beans.factory.support.AbstractAutowireCapableBeanFactory.doCreateBean(AbstractAutowireCapableBeanFactory.java:594)
            at
            org.springframework.beans.factory.support.AbstractAutowireCapableBeanFactory.createBean(AbstractAutowireCapableBeanFactory.java:517)
            at
            org.springframework.beans.factory.support.AbstractBeanFactory.lambda$doGetBean$0(AbstractBeanFactory.java:323)
            at
            org.springframework.beans.factory.support.DefaultSingletonBeanRegistry.getSingleton(DefaultSingletonBeanRegistry.java:222)
            at org.springframework.beans.factory.support.AbstractBeanFactory.doGetBean(AbstractBeanFactory.java:321)
            at org.springframework.beans.factory.support.AbstractBeanFactory.getBean(AbstractBeanFactory.java:202)
            at
            org.springframework.beans.factory.support.DefaultListableBeanFactory.preInstantiateSingletons(DefaultListableBeanFactory.java:882)
            at
            org.springframework.context.support.AbstractApplicationContext.finishBeanFactoryInitialization(AbstractApplicationContext.java:878)
            at
            org.springframework.context.support.AbstractApplicationContext.refresh(AbstractApplicationContext.java:550)
            at org.springframework.context.support.ClassPathXmlApplicationContext.&lt;init&gt;(ClassPathXmlApplicationContext.java:144)
            at org.springframework.context.support.ClassPathXmlApplicationContext.&lt;init&gt;(ClassPathXmlApplicationContext.java:85)
            at Test.testByName(Test.java:44)
            at sun.reflect.NativeMethodAccessorImpl.invoke0(Native Method)
            at sun.reflect.NativeMethodAccessorImpl.invoke(NativeMethodAccessorImpl.java:62)
            at sun.reflect.DelegatingMethodAccessorImpl.invoke(DelegatingMethodAccessorImpl.java:43)
            at java.lang.reflect.Method.invoke(Method.java:498)
            at org.junit.runners.model.FrameworkMethod$1.runReflectiveCall(FrameworkMethod.java:47)
            at org.junit.internal.runners.model.ReflectiveCallable.run(ReflectiveCallable.java:12)
            at org.junit.runners.model.FrameworkMethod.invokeExplosively(FrameworkMethod.java:44)
            at org.junit.internal.runners.statements.InvokeMethod.evaluate(InvokeMethod.java:17)
            at org.junit.runners.ParentRunner.runLeaf(ParentRunner.java:271)
            at org.junit.runners.BlockJUnit4ClassRunner.runChild(BlockJUnit4ClassRunner.java:70)
            at org.junit.runners.BlockJUnit4ClassRunner.runChild(BlockJUnit4ClassRunner.java:50)
            at org.junit.runners.ParentRunner$3.run(ParentRunner.java:238)
            at org.junit.runners.ParentRunner$1.schedule(ParentRunner.java:63)
            at org.junit.runners.ParentRunner.runChildren(ParentRunner.java:236)
            at org.junit.runners.ParentRunner.access$000(ParentRunner.java:53)
            at org.junit.runners.ParentRunner$2.evaluate(ParentRunner.java:229)
            at org.junit.runners.ParentRunner.run(ParentRunner.java:309)
            at org.apache.maven.surefire.junit4.JUnit4Provider.execute(JUnit4Provider.java:252)
            at org.apache.maven.surefire.junit4.JUnit4Provider.executeTestSet(JUnit4Provider.java:141)
            at org.apache.maven.surefire.junit4.JUnit4Provider.invoke(JUnit4Provider.java:112)
            at sun.reflect.NativeMethodAccessorImpl.invoke0(Native Method)
            at sun.reflect.NativeMethodAccessorImpl.invoke(NativeMethodAccessorImpl.java:62)
            at sun.reflect.DelegatingMethodAccessorImpl.invoke(DelegatingMethodAccessorImpl.java:43)
            at java.lang.reflect.Method.invoke(Method.java:498)
            at org.apache.maven.surefire.util.ReflectionUtils.invokeMethodWithArray(ReflectionUtils.java:189)
            at org.apache.maven.surefire.booter.ProviderFactory$ProviderProxy.invoke(ProviderFactory.java:165)
            at org.apache.maven.surefire.booter.ProviderFactory.invokeProvider(ProviderFactory.java:85)
            at org.apache.maven.surefire.booter.ForkedBooter.runSuitesInProcess(ForkedBooter.java:115)
            at org.apache.maven.surefire.booter.ForkedBooter.main(ForkedBooter.java:75)
            Caused by: org.springframework.beans.factory.NoSuchBeanDefinitionException: No bean named &apos;school&apos;
            available
            at
            org.springframework.beans.factory.support.DefaultListableBeanFactory.getBeanDefinition(DefaultListableBeanFactory.java:808)
            at
            org.springframework.beans.factory.support.AbstractBeanFactory.getMergedLocalBeanDefinition(AbstractBeanFactory.java:1279)
            at org.springframework.beans.factory.support.AbstractBeanFactory.doGetBean(AbstractBeanFactory.java:297)
            at org.springframework.beans.factory.support.AbstractBeanFactory.getBean(AbstractBeanFactory.java:202)
            at
            org.springframework.beans.factory.support.BeanDefinitionValueResolver.resolveReference(BeanDefinitionValueResolver.java:330)
            ... 44 more
        </error>
        <system-err>���� 31, 2021 8:46:08 ���� org.springframework.context.support.AbstractApplicationContext refresh
            ����: Exception encountered during context initialization - cancelling refresh attempt:
            org.springframework.beans.factory.BeanCreationException: Error creating bean with name &apos;studentSchool&apos;
            defined in class path resource [Beans.xml]: Cannot resolve reference to bean &apos;school&apos; while
            setting bean property &apos;school&apos;; nested exception is
            org.springframework.beans.factory.NoSuchBeanDefinitionException: No bean named &apos;school&apos; available
        </system-err>
    </testcase>
</testsuite>